-------------------------------------------------------------------------------
Test set: Tests
-------------------------------------------------------------------------------
Tests run: 1, Failures: 1, Errors: 0, Skipped: 0, Time elapsed: 0.008 sec <<< FAILURE!
Tests.testCopy()  Time elapsed: 0.006 sec  <<< FAILURE!
java.lang.NoSuchMethodError: com.lgblog.util.copyBeanUtil.BeanCopy.copyByBean(Ljava/lang/Object;Ljava/lang/Object;)Ljava/lang/Object;
	at Tests.testCopy(Tests.java:16)

