<?xml version="1.0" encoding="UTF-8" ?>
<testsuite tests="1" failures="1" name="Tests" time="0.006" errors="0" skipped="0">
  <properties>
[...]
</properties>
  <testcase classname="Tests" name="Tests.testCopy" time="0.006">
    <failure message="com.lgblog.util.copyBeanUtil.BeanCopy.copyByBean(Ljava/lang/Object;Ljava/lang/Object;)Ljava/lang/Object;" type="java.lang.NoSuchMethodError">java.lang.NoSuchMethodError: com.lgblog.util.copyBeanUtil.BeanCopy.copyByBean(Ljava/lang/Object;Ljava/lang/Object;)Ljava/lang/Object;
	at Tests.testCopy(Tests.java:16)
</failure>
  </testcase>
</testsuite>